c:\users\acer10\desktop\facultad\image campus\segundo anio\programacion de graficos 1\versiones viejas\con entity no implementado\pdg1\pdg-biblioteca\pdg-biblioteca\obj\debug\vc141.pdb
c:\users\acer10\desktop\facultad\image campus\segundo anio\programacion de graficos 1\versiones viejas\con entity no implementado\pdg1\pdg-biblioteca\pdg-biblioteca\obj\debug\vc141.idb
c:\users\acer10\desktop\facultad\image campus\segundo anio\programacion de graficos 1\versiones viejas\con entity no implementado\pdg1\pdg-biblioteca\pdg-biblioteca\obj\debug\window.obj
c:\users\acer10\desktop\facultad\image campus\segundo anio\programacion de graficos 1\versiones viejas\con entity no implementado\pdg1\pdg-biblioteca\pdg-biblioteca\obj\debug\shape.obj
c:\users\acer10\desktop\facultad\image campus\segundo anio\programacion de graficos 1\versiones viejas\con entity no implementado\pdg1\pdg-biblioteca\pdg-biblioteca\obj\debug\renderer.obj
c:\users\acer10\desktop\facultad\image campus\segundo anio\programacion de graficos 1\versiones viejas\con entity no implementado\pdg1\pdg-biblioteca\pdg-biblioteca\obj\debug\entity2d.obj
c:\users\acer10\desktop\facultad\image campus\segundo anio\programacion de graficos 1\versiones viejas\con entity no implementado\pdg1\pdg-biblioteca\pdg-biblioteca\obj\debug\entity.obj
c:\users\acer10\desktop\facultad\image campus\segundo anio\programacion de graficos 1\versiones viejas\con entity no implementado\pdg1\pdg-biblioteca\pdg-biblioteca\obj\debug\basegame.obj
c:\users\acer10\desktop\facultad\image campus\segundo anio\programacion de graficos 1\pdg1\pdg-biblioteca\pdg-biblioteca\obj\debug\vc141.pdb
c:\users\acer10\desktop\facultad\image campus\segundo anio\programacion de graficos 1\pdg1\pdg-biblioteca\pdg-biblioteca\obj\debug\vc141.idb
c:\users\acer10\desktop\facultad\image campus\segundo anio\programacion de graficos 1\pdg1\pdg-biblioteca\pdg-biblioteca\obj\debug\window.obj
c:\users\acer10\desktop\facultad\image campus\segundo anio\programacion de graficos 1\pdg1\pdg-biblioteca\pdg-biblioteca\obj\debug\shape.obj
c:\users\acer10\desktop\facultad\image campus\segundo anio\programacion de graficos 1\pdg1\pdg-biblioteca\pdg-biblioteca\obj\debug\renderer.obj
c:\users\acer10\desktop\facultad\image campus\segundo anio\programacion de graficos 1\pdg1\pdg-biblioteca\pdg-biblioteca\obj\debug\entity2d.obj
c:\users\acer10\desktop\facultad\image campus\segundo anio\programacion de graficos 1\pdg1\pdg-biblioteca\pdg-biblioteca\obj\debug\entity.obj
c:\users\acer10\desktop\facultad\image campus\segundo anio\programacion de graficos 1\pdg1\pdg-biblioteca\pdg-biblioteca\obj\debug\basegame.obj
c:\users\acer10\desktop\facultad\image campus\segundo anio\programacion de graficos 1\pdg1\pdg-biblioteca\debug\pdg-biblioteca.dll
c:\users\acer10\desktop\facultad\image campus\segundo anio\programacion de graficos 1\pdg1\pdg-biblioteca\debug\pdg-biblioteca.ilk
c:\users\acer10\desktop\facultad\image campus\segundo anio\programacion de graficos 1\pdg1\pdg-biblioteca\debug\pdg-biblioteca.pdb
c:\users\acer10\desktop\facultad\image campus\segundo anio\programacion de graficos 1\pdg1\pdg-biblioteca\debug\pdg-biblioteca.lib
c:\users\acer10\desktop\facultad\image campus\segundo anio\programacion de graficos 1\pdg1\pdg-biblioteca\debug\pdg-biblioteca.exp
c:\users\acer10\desktop\facultad\image campus\segundo anio\programacion de graficos 1\pdg1\pdg-biblioteca\pdg-biblioteca\obj\debug\pdg-biblioteca.tlog\cl.command.1.tlog
c:\users\acer10\desktop\facultad\image campus\segundo anio\programacion de graficos 1\pdg1\pdg-biblioteca\pdg-biblioteca\obj\debug\pdg-biblioteca.tlog\cl.read.1.tlog
c:\users\acer10\desktop\facultad\image campus\segundo anio\programacion de graficos 1\pdg1\pdg-biblioteca\pdg-biblioteca\obj\debug\pdg-biblioteca.tlog\cl.write.1.tlog
c:\users\acer10\desktop\facultad\image campus\segundo anio\programacion de graficos 1\pdg1\pdg-biblioteca\pdg-biblioteca\obj\debug\pdg-biblioteca.tlog\link.15084.delete.1.tlog
c:\users\acer10\desktop\facultad\image campus\segundo anio\programacion de graficos 1\pdg1\pdg-biblioteca\pdg-biblioteca\obj\debug\pdg-biblioteca.tlog\link.20048.delete.1.tlog
c:\users\acer10\desktop\facultad\image campus\segundo anio\programacion de graficos 1\pdg1\pdg-biblioteca\pdg-biblioteca\obj\debug\pdg-biblioteca.tlog\link.command.1.tlog
c:\users\acer10\desktop\facultad\image campus\segundo anio\programacion de graficos 1\pdg1\pdg-biblioteca\pdg-biblioteca\obj\debug\pdg-biblioteca.tlog\link.delete.1.tlog
c:\users\acer10\desktop\facultad\image campus\segundo anio\programacion de graficos 1\pdg1\pdg-biblioteca\pdg-biblioteca\obj\debug\pdg-biblioteca.tlog\link.read.1.tlog
c:\users\acer10\desktop\facultad\image campus\segundo anio\programacion de graficos 1\pdg1\pdg-biblioteca\pdg-biblioteca\obj\debug\pdg-biblioteca.tlog\link.write.1.tlog
c:\users\acer10\desktop\facultad\image campus\segundo anio\programacion de graficos 1\pdg1\pdg-biblioteca\pdg-biblioteca\obj\debug\pdg-biblioteca.tlog\pdg-biblioteca.write.1u.tlog
