  Game.cpp
c:\users\juan m. tourret\desktop\pdg1\pdg-biblioteca\pdg-biblioteca\renderer.h(12): warning C4251: 'Renderer::_vertex': class 'std::vector<GLfloat,std::allocator<_Ty>>' necesita tener una interfaz DLL para que la utilicen los clientes de class 'Renderer'
          with
          [
              _Ty=GLfloat
          ]
  c:\users\juan m. tourret\desktop\pdg1\pdg-biblioteca\pdg-biblioteca\renderer.h(12): note: vea la declaración de 'std::vector<GLfloat,std::allocator<_Ty>>'
          with
          [
              _Ty=GLfloat
          ]
  Main.cpp
c:\users\juan m. tourret\desktop\pdg1\pdg-biblioteca\pdg-biblioteca\renderer.h(12): warning C4251: 'Renderer::_vertex': class 'std::vector<GLfloat,std::allocator<_Ty>>' necesita tener una interfaz DLL para que la utilicen los clientes de class 'Renderer'
          with
          [
              _Ty=GLfloat
          ]
  c:\users\juan m. tourret\desktop\pdg1\pdg-biblioteca\pdg-biblioteca\renderer.h(12): note: vea la declaración de 'std::vector<GLfloat,std::allocator<_Ty>>'
          with
          [
              _Ty=GLfloat
          ]
c:\users\juan m. tourret\desktop\pdg1\pdg-biblioteca\pdg-ejecutable\main.cpp(3): warning C4326: el tipo de valor devuelto de 'main' debe ser 'int' en lugar de 'void'
  Generando código...
  PDG-ejecutable.vcxproj -> C:\Users\Juan M. Tourret\Desktop\PdG1\PDG-biblioteca\Debug\PDG-ejecutable.exe
